<?xml version="1.0" encoding="UTF-8"?>
<!-- Generated by org.testng.reporters.JUnitReportReporter -->
<testsuite hostname="ANISH" failures="0" tests="1" name="Anish.Testingframework.StandTest2" time="16.257" errors="0" timestamp="2024-02-07T19:48:57 IST" skipped="0">
  <testcase classname="Anish.Testingframework.StandTest2" name="submitOrder" time="16.257"/>
  <system-out/>
</testsuite> <!-- Anish.Testingframework.StandTest2 -->
