<?xml version="1.0" encoding="UTF-8"?>
<!-- Generated by org.testng.reporters.JUnitReportReporter -->
<testsuite hostname="ANISH" failures="0" tests="4" name="Anish.Tests.SubmitOrderTest" time="35.656" errors="0" timestamp="2024-11-13T16:36:01 IST" skipped="0">
  <testcase classname="Anish.Tests.SubmitOrderTest" name="submitOrder" time="12.898"/>
  <system-out/>
  <testcase classname="Anish.Tests.SubmitOrderTest" name="OrderHistory" time="4.423"/>
  <system-out/>
  <testcase classname="Anish.Tests.SubmitOrderTest" name="OrderHistory" time="5.084"/>
  <system-out/>
  <testcase classname="Anish.Tests.SubmitOrderTest" name="submitOrder" time="13.251"/>
  <system-out/>
</testsuite> <!-- Anish.Tests.SubmitOrderTest -->
