<?xml version="1.0" encoding="UTF-8"?>
<!-- Generated by org.testng.reporters.JUnitReportReporter -->
<testsuite hostname="ANISH" failures="0" tests="2" name="Anish.Tests.ErrorVadilation" time="12.921" errors="0" timestamp="2024-11-07T18:49:04 IST" skipped="0">
  <testcase classname="Anish.Tests.ErrorVadilation" name="submitOrder" time="4.482"/>
  <system-out/>
  <testcase classname="Anish.Tests.ErrorVadilation" name="productErroValidation" time="8.439"/>
  <system-out/>
</testsuite> <!-- Anish.Tests.ErrorVadilation -->
