<?xml version="1.0" encoding="UTF-8"?>
<!-- Generated by org.testng.reporters.JUnitReportReporter -->
<testsuite hostname="ANISH" failures="0" tests="2" name="Anish.Tests.ErrorVadilationTest" time="10.202" errors="0" timestamp="2024-11-13T16:36:01 IST" skipped="0">
  <testcase classname="Anish.Tests.ErrorVadilationTest" name="productErroValidation" time="5.835"/>
  <system-out/>
  <testcase classname="Anish.Tests.ErrorVadilationTest" name="errorValid" time="4.367"/>
  <system-out/>
</testsuite> <!-- Anish.Tests.ErrorVadilationTest -->
