<?xml version="1.0" encoding="UTF-8"?>
<!-- Generated by org.testng.reporters.JUnitReportReporter -->
<testsuite hostname="ANISH" failures="0" tests="2" name="Anish.Tests.StandTest2" time="15.809" errors="0" timestamp="2024-11-07T20:39:55 IST" skipped="0">
  <testcase classname="Anish.Tests.StandTest2" name="OrderHistory" time="3.604"/>
  <system-out/>
  <testcase classname="Anish.Tests.StandTest2" name="submitOrder" time="12.205"/>
  <system-out/>
</testsuite> <!-- Anish.Tests.StandTest2 -->
