<?xml version="1.0" encoding="UTF-8"?>
<!-- Generated by org.testng.reporters.JUnitReportReporter -->
<testsuite hostname="ANISH" failures="0" tests="4" name="Anish.Tests.SubmitOrderTest" time="36.575" errors="0" timestamp="2024-11-13T19:26:59 IST" skipped="0">
  <testcase classname="Anish.Tests.SubmitOrderTest" name="submitOrder" time="13.446"/>
  <testcase classname="Anish.Tests.SubmitOrderTest" name="OrderHistory" time="5.186"/>
  <testcase classname="Anish.Tests.SubmitOrderTest" name="OrderHistory" time="4.649"/>
  <testcase classname="Anish.Tests.SubmitOrderTest" name="submitOrder" time="13.294"/>
</testsuite> <!-- Anish.Tests.SubmitOrderTest -->
