<?xml version="1.0" encoding="UTF-8"?>
<!-- Generated by org.testng.reporters.JUnitReportReporter -->
<testsuite hostname="ANISH" failures="0" tests="2" name="Anish.Tests.ErrorVadilationTest" time="9.774" errors="0" timestamp="2024-11-13T19:26:59 IST" skipped="0">
  <testcase classname="Anish.Tests.ErrorVadilationTest" name="productErroValidation" time="5.195"/>
  <testcase classname="Anish.Tests.ErrorVadilationTest" name="errorValid" time="4.579"/>
</testsuite> <!-- Anish.Tests.ErrorVadilationTest -->
